<?xml version="1.0" encoding="UTF-8"?>
<testng-results skipped="0" failed="0" total="2" passed="2">
  <reporter-output>
  </reporter-output>
  <suite name="Default suite" duration-ms="74916" started-at="2019-09-26T12:22:20Z" finished-at="2019-09-26T12:23:34Z">
    <groups>
    </groups>
    <test name="Default test" duration-ms="74916" started-at="2019-09-26T12:22:20Z" finished-at="2019-09-26T12:23:34Z">
      <class name="com.automation.Testscripts.PomCreateEmployee">
        <test-method status="PASS" signature="createEmployee(java.lang.String, java.lang.String, java.lang.String, java.lang.String)[pri:0, instance:com.automation.Testscripts.PomCreateEmployee@482f8f11]" name="createEmployee" duration-ms="48461" started-at="2019-09-26T17:52:23Z" data-provider="getTestData" finished-at="2019-09-26T17:53:11Z">
          <params>
            <param index="0">
              <value>
                <![CDATA[Admin]]>
              </value>
            </param>
            <param index="1">
              <value>
                <![CDATA[admin123]]>
              </value>
            </param>
            <param index="2">
              <value>
                <![CDATA[susmitha]]>
              </value>
            </param>
            <param index="3">
              <value>
                <![CDATA[kaveti]]>
              </value>
            </param>
          </params>
          <reporter-output>
          </reporter-output>
        </test-method> <!-- createEmployee -->
        <test-method status="PASS" signature="createEmployee(java.lang.String, java.lang.String, java.lang.String, java.lang.String)[pri:0, instance:com.automation.Testscripts.PomCreateEmployee@482f8f11]" name="createEmployee" duration-ms="23304" started-at="2019-09-26T17:53:11Z" data-provider="getTestData" finished-at="2019-09-26T17:53:34Z">
          <params>
            <param index="0">
              <value>
                <![CDATA[Admin]]>
              </value>
            </param>
            <param index="1">
              <value>
                <![CDATA[admin123]]>
              </value>
            </param>
            <param index="2">
              <value>
                <![CDATA[ganesh]]>
              </value>
            </param>
            <param index="3">
              <value>
                <![CDATA[kaveti]]>
              </value>
            </param>
          </params>
          <reporter-output>
          </reporter-output>
        </test-method> <!-- createEmployee -->
      </class> <!-- com.automation.Testscripts.PomCreateEmployee -->
    </test> <!-- Default test -->
  </suite> <!-- Default suite -->
</testng-results>
